\BOOKMARK [1][-]{section.1}{\376\377\000I\000n\000t\000r\000o\000d\000u\000c\000t\000i\000o\000n}{}% 1
\BOOKMARK [1][-]{section.2}{\376\377\000T\000r\000a\000v\000e\000l\000\040\000I\000n\000d\000u\000s\000t\000r\000y\000\040\000-\000\040\000D\000a\000t\000a\000\040\000S\000u\000p\000p\000l\000y\000\040\000C\000h\000a\000i\000n}{}% 2
\BOOKMARK [2][-]{subsection.2.1}{\376\377\000D\000a\000t\000a\000\040\000F\000r\000a\000g\000m\000e\000n\000t\000a\000t\000i\000o\000n}{section.2}% 3
\BOOKMARK [2][-]{subsection.2.2}{\376\377\000P\000r\000i\000v\000a\000c\000y\000\040\000C\000h\000a\000l\000l\000e\000n\000g\000e\000s}{section.2}% 4
\BOOKMARK [2][-]{subsection.2.3}{\376\377\000N\000e\000e\000d\000\040\000f\000o\000r\000\040\000B\000l\000o\000c\000k\000c\000h\000a\000i\000n}{section.2}% 5
\BOOKMARK [3][-]{subsubsection.2.3.1}{\376\377\000D\000i\000g\000i\000t\000a\000l\000\040\000L\000e\000d\000g\000e\000r}{subsection.2.3}% 6
\BOOKMARK [3][-]{subsubsection.2.3.2}{\376\377\000B\000e\000n\000e\000f\000i\000t\000s\000\040\000\046\000\040\000A\000d\000v\000a\000n\000t\000a\000g\000e\000s}{subsection.2.3}% 7
\BOOKMARK [3][-]{subsubsection.2.3.3}{\376\377\000T\000r\000a\000v\000e\000l\000\040\000i\000n\000d\000u\000s\000t\000r\000y\000\040\000a\000p\000p\000l\000i\000c\000a\000t\000i\000o\000n\000s}{subsection.2.3}% 8
\BOOKMARK [2][-]{subsection.2.4}{\376\377\000S\000u\000m\000m\000a\000r\000y}{section.2}% 9
\BOOKMARK [1][-]{section.3}{\376\377\000T\000r\000a\000v\000l\000r\000\040\000I\000D\000\040\000P\000r\000o\000t\000o\000c\000o\000l}{}% 10
\BOOKMARK [2][-]{subsection.3.1}{\376\377\000V\000i\000s\000i\000o\000n\000\040\000\046\000\040\000G\000o\000a\000l\000s}{section.3}% 11
\BOOKMARK [2][-]{subsection.3.2}{\376\377\000K\000e\000y\000\040\000C\000o\000m\000p\000o\000n\000e\000n\000t\000s}{section.3}% 12
\BOOKMARK [3][-]{subsubsection.3.2.1}{\376\377\000C\000o\000n\000s\000u\000m\000e\000r\000\040\000V\000a\000u\000l\000t\000s}{subsection.3.2}% 13
\BOOKMARK [3][-]{subsubsection.3.2.2}{\376\377\000S\000e\000r\000v\000i\000c\000e\000\040\000P\000r\000o\000v\000i\000d\000e\000r\000\040\000V\000a\000u\000l\000t\000s}{subsection.3.2}% 14
\BOOKMARK [3][-]{subsubsection.3.2.3}{\376\377\000D\000e\000c\000e\000n\000t\000r\000a\000l\000i\000s\000e\000d\000\040\000A\000I\000\040\000A\000g\000e\000n\000t\000s}{subsection.3.2}% 15
\BOOKMARK [2][-]{subsection.3.3}{\376\377\000N\000e\000t\000w\000o\000r\000k\000\040\000I\000n\000f\000r\000a\000s\000t\000r\000u\000c\000t\000u\000r\000e}{section.3}% 16
\BOOKMARK [3][-]{subsubsection.3.3.1}{\376\377\000D\000a\000t\000a\000\040\000n\000o\000d\000e\000s\000\040\000-\000\040\000S\000e\000r\000v\000i\000c\000e\000\040\000p\000r\000o\000v\000i\000d\000e\000r\000s}{subsection.3.3}% 17
\BOOKMARK [3][-]{subsubsection.3.3.2}{\376\377\000S\000m\000a\000r\000t\000\040\000c\000o\000n\000t\000r\000a\000c\000t\000s}{subsection.3.3}% 18
\BOOKMARK [2][-]{subsection.3.4}{\376\377\000P\000r\000o\000t\000o\000c\000o\000l\000\040\000U\000s\000e\000-\000C\000a\000s\000e\000s}{section.3}% 19
\BOOKMARK [3][-]{subsubsection.3.4.1}{\376\377\000C\000o\000n\000s\000u\000m\000e\000r\000\040\000P\000e\000r\000s\000p\000e\000c\000t\000i\000v\000e}{subsection.3.4}% 20
\BOOKMARK [3][-]{subsubsection.3.4.2}{\376\377\000S\000e\000r\000v\000i\000c\000e\000\040\000P\000r\000o\000v\000i\000d\000e\000r\000s}{subsection.3.4}% 21
\BOOKMARK [3][-]{subsubsection.3.4.3}{\376\377\000P\000r\000i\000m\000a\000r\000y\000\040\000A\000d\000v\000a\000n\000t\000a\000g\000e\000s}{subsection.3.4}% 22
\BOOKMARK [2][-]{subsection.3.5}{\376\377\000P\000r\000i\000v\000a\000c\000y\000\040\000a\000n\000d\000\040\000R\000e\000g\000u\000l\000a\000t\000i\000o\000n}{section.3}% 23
\BOOKMARK [2][-]{subsection.3.6}{\376\377\000G\000r\000o\000w\000t\000h\000\040\000a\000n\000d\000\040\000S\000c\000a\000l\000a\000b\000i\000l\000i\000t\000y}{section.3}% 24
\BOOKMARK [1][-]{section.4}{\376\377\000T\000o\000k\000e\000n\000\040\000U\000t\000i\000l\000i\000t\000y}{}% 25
\BOOKMARK [2][-]{subsection.4.1}{\376\377\000C\000o\000r\000e\000\040\000I\000n\000c\000e\000n\000t\000i\000v\000e\000s}{section.4}% 26
\BOOKMARK [3][-]{subsubsection.4.1.1}{\376\377\000C\000o\000n\000s\000u\000m\000e\000r\000s}{subsection.4.1}% 27
\BOOKMARK [3][-]{subsubsection.4.1.2}{\376\377\000S\000e\000r\000v\000i\000c\000e\000\040\000P\000r\000o\000v\000i\000d\000e\000r\000s}{subsection.4.1}% 28
\BOOKMARK [3][-]{subsubsection.4.1.3}{\376\377\000B\000u\000s\000i\000n\000e\000s\000s\000e\000s}{subsection.4.1}% 29
\BOOKMARK [2][-]{subsection.4.2}{\376\377\000E\000c\000o\000s\000y\000s\000t\000e\000m\000\040\000D\000y\000n\000a\000m\000i\000c\000s}{section.4}% 30
\BOOKMARK [3][-]{subsubsection.4.2.1}{\376\377\000D\000a\000t\000a\000\040\000G\000e\000n\000e\000r\000a\000t\000i\000o\000n\000\040\000a\000n\000d\000\040\000S\000h\000a\000r\000i\000n\000g}{subsection.4.2}% 31
\BOOKMARK [3][-]{subsubsection.4.2.2}{\376\377\000S\000c\000a\000l\000i\000n\000g\000\040\000w\000i\000t\000h\000\040\000A\000I\000\040\000A\000g\000e\000n\000t\000s\000\040\000a\000n\000d\000\040\000d\000A\000p\000p\000s}{subsection.4.2}% 32
\BOOKMARK [2][-]{subsection.4.3}{\376\377\000S\000u\000m\000m\000a\000r\000y}{section.4}% 33
\BOOKMARK [1][-]{section.5}{\376\377\000B\000u\000s\000i\000n\000e\000s\000s\000\040\000M\000o\000d\000e\000l}{}% 34
\BOOKMARK [2][-]{subsection.5.1}{\376\377\000C\000o\000r\000e\000\040\000C\000o\000m\000p\000o\000n\000e\000n\000t\000s}{section.5}% 35
\BOOKMARK [3][-]{subsubsection.5.1.1}{\376\377\000E\000n\000t\000e\000r\000p\000r\000i\000s\000e\000\040\000C\000o\000n\000s\000o\000l\000e}{subsection.5.1}% 36
\BOOKMARK [3][-]{subsubsection.5.1.2}{\376\377\000T\000r\000a\000v\000l\000r\000\040\000I\000D\000\040\000M\000o\000b\000i\000l\000e\000\040\000A\000p\000p}{subsection.5.1}% 37
\BOOKMARK [2][-]{subsection.5.2}{\376\377\000S\000e\000r\000v\000i\000c\000e\000\040\000P\000r\000o\000v\000i\000d\000e\000r\000\040\000D\000a\000s\000h\000b\000o\000a\000r\000d}{section.5}% 38
\BOOKMARK [2][-]{subsection.5.3}{\376\377\000T\000r\000a\000v\000l\000r\000\040\000N\000o\000d\000e}{section.5}% 39
\BOOKMARK [2][-]{subsection.5.4}{\376\377\000N\000e\000t\000w\000o\000r\000k\000\040\000E\000f\000f\000e\000c\000t}{section.5}% 40
\BOOKMARK [2][-]{subsection.5.5}{\376\377\000A\000P\000I\000s\000\040\000a\000n\000d\000\040\000W\000e\000b\0002\000/\000W\000e\000b\0003\000\040\000I\000n\000t\000e\000g\000r\000a\000t\000i\000o\000n}{section.5}% 41
\BOOKMARK [2][-]{subsection.5.6}{\376\377\000S\000u\000m\000m\000a\000r\000y}{section.5}% 42
\BOOKMARK [1][-]{section.6}{\376\377\000C\000o\000n\000c\000l\000u\000s\000i\000o\000n}{}% 43
